

                                           
  [InvalidArgumentException]               
  Command "queue:default" is not defined.  
  Did you mean one of these?               
      queue:retry                          
      queue:forget                         
      queue:flush                          
      queue:failed-table                   
      queue:failed                         
      queue:table                          
      queue:restart                        
      queue:listen                         
      queue:subscribe                      
      queue:work                           
                                           




                                           
  [InvalidArgumentException]               
  Command "queue:default" is not defined.  
  Did you mean one of these?               
      queue:retry                          
      queue:forget                         
      queue:flush                          
      queue:failed-table                   
      queue:failed                         
      queue:table                          
      queue:restart                        
      queue:listen                         
      queue:subscribe                      
      queue:work                           
                                           




                                           
  [InvalidArgumentException]               
  Command "queue:default" is not defined.  
  Did you mean one of these?               
      queue:retry                          
      queue:forget                         
      queue:flush                          
      queue:failed-table                   
      queue:failed                         
      queue:table                          
      queue:restart                        
      queue:listen                         
      queue:subscribe                      
      queue:work                           
                                           




                                           
  [InvalidArgumentException]               
  Command "queue:default" is not defined.  
  Did you mean one of these?               
      queue:retry                          
      queue:forget                         
      queue:flush                          
      queue:failed-table                   
      queue:failed                         
      queue:table                          
      queue:restart                        
      queue:listen                         
      queue:subscribe                      
      queue:work                           
                                           




                                           
  [InvalidArgumentException]               
  Command "queue:default" is not defined.  
  Did you mean one of these?               
      queue:retry                          
      queue:forget                         
      queue:flush                          
      queue:failed-table                   
      queue:failed                         
      queue:table                          
      queue:restart                        
      queue:listen                         
      queue:subscribe                      
      queue:work                           
                                           




                                           
  [InvalidArgumentException]               
  Command "queue:default" is not defined.  
  Did you mean one of these?               
      queue:retry                          
      queue:forget                         
      queue:flush                          
      queue:failed-table                   
      queue:failed                         
      queue:table                          
      queue:restart                        
      queue:listen                         
      queue:subscribe                      
      queue:work                           
                                           




                                           
  [InvalidArgumentException]               
  Command "queue:default" is not defined.  
  Did you mean one of these?               
      queue:retry                          
      queue:forget                         
      queue:flush                          
      queue:failed-table                   
      queue:failed                         
      queue:table                          
      queue:restart                        
      queue:listen                         
      queue:subscribe                      
      queue:work                           
                                           




                                           
  [InvalidArgumentException]               
  Command "queue:default" is not defined.  
  Did you mean one of these?               
      queue:retry                          
      queue:forget                         
      queue:flush                          
      queue:failed-table                   
      queue:failed                         
      queue:table                          
      queue:restart                        
      queue:listen                         
      queue:subscribe                      
      queue:work                           
                                           




                                           
  [InvalidArgumentException]               
  Command "queue:default" is not defined.  
  Did you mean one of these?               
      queue:retry                          
      queue:forget                         
      queue:flush                          
      queue:failed-table                   
      queue:failed                         
      queue:table                          
      queue:restart                        
      queue:listen                         
      queue:subscribe                      
      queue:work                           
                                           




                                           
  [InvalidArgumentException]               
  Command "queue:default" is not defined.  
  Did you mean one of these?               
      queue:retry                          
      queue:forget                         
      queue:flush                          
      queue:failed-table                   
      queue:failed                         
      queue:table                          
      queue:restart                        
      queue:listen                         
      queue:subscribe                      
      queue:work                           
                                           


